#
# There is insufficient memory for the Java Runtime Environment to continue.
# Native memory allocation (mmap) failed to map 262144 bytes for committing reserved memory.
# Possible reasons:
#   The system is out of physical RAM or swap space
#   The process is running with CompressedOops enabled, and the Java Heap may be blocking the growth of the native heap
# Possible solutions:
#   Reduce memory load on the system
#   Increase physical memory or swap space
#   Check if swap backing store is full
#   Decrease Java heap size (-Xmx/-Xms)
#   Decrease number of Java threads
#   Decrease Java thread stack sizes (-Xss)
#   Set larger code cache with -XX:ReservedCodeCacheSize=
#   JVM is running with Unscaled Compressed Oops mode in which the Java heap is
#     placed in the first 4GB address space. The Java Heap base address is the
#     maximum limit for the native heap growth. Please use -XX:HeapBaseMinAddress
#     to set the Java Heap base and to place the Java Heap above 4GB virtual address.
# This output file may be truncated or incomplete.
#
#  Out of Memory Error (os_linux.cpp:2706), pid=2175, tid=2176
#
# JRE version: OpenJDK Runtime Environment (10.0.2+13) (build 10.0.2+13-Ubuntu-1ubuntu0.18.04.1)
# Java VM: OpenJDK 64-Bit Server VM (10.0.2+13-Ubuntu-1ubuntu0.18.04.1, mixed mode, tiered, compressed oops, serial gc, linux-amd64)
# Core dump will be written. Default location: Core dumps may be processed with "/usr/share/apport/apport %p %s %c %d %P" (or dumping to /home/ariel/Universidad/UCA/BaseDeDatosII/CodigoFuente/project-orm-oltp-template/core.2175)
#

---------------  S U M M A R Y ------------

Command Line: -ea -Dfile.encoding=UTF-8 org.eclipse.jdt.internal.junit.runner.RemoteTestRunner -version 3 -port 44139 -testLoaderClass org.eclipse.jdt.internal.junit4.runner.JUnit4TestLoader -loaderpluginname org.eclipse.jdt.junit4.runtime -classNames ar.edu.uca.template.TestRepositories

Host: Intel(R) Core(TM) i7-7500U CPU @ 2.70GHz, 1 cores, 985M, Ubuntu 18.04.1 LTS
Time: Wed Sep  5 20:19:29 2018 -03 elapsed time: 9 seconds (0d 0h 0m 9s)

---------------  T H R E A D  ---------------

Current thread (0x00007f6f20013800):  JavaThread "main" [_thread_in_vm, id=2176, stack(0x00007f6f26cb8000,0x00007f6f26db9000)]

Stack: [0x00007f6f26cb8000,0x00007f6f26db9000],  sp=0x00007f6f26db2a20,  free space=1002k
Native frames: (J=compiled Java code, A=aot compiled Java code, j=interpreted, Vv=VM code, C=native code)
V  [libjvm.so+0xd27e04]
V  [libjvm.so+0xd289ab]
V  [libjvm.so+0x64d415]
V  [libjvm.so+0xb2d5d2]
V  [libjvm.so+0xb25caf]
V  [libjvm.so+0xd1fc17]
V  [libjvm.so+0xab0980]
V  [libjvm.so+0xab1f63]
V  [libjvm.so+0xab216b]
V  [libjvm.so+0xab21dc]
V  [libjvm.so+0x63d161]
V  [libjvm.so+0x593fad]
V  [libjvm.so+0x594dc1]
V  [libjvm.so+0x9762d2]
V  [libjvm.so+0x59adff]
V  [libjvm.so+0xc90799]
V  [libjvm.so+0xc9103f]
V  [libjvm.so+0xc927d2]
V  [libjvm.so+0x6447e7]
V  [libjvm.so+0x9ac60a]
V  [libjvm.so+0x82e8b6]
V  [libjvm.so+0x82f9b5]
j  java.io.InputStreamReader.<init>(Ljava/io/InputStream;Ljava/lang/String;)V+23 java.base@10.0.2
j  jdk.internal.util.jar.JarIndex.read(Ljava/io/InputStream;)V+11 java.base@10.0.2
j  jdk.internal.util.jar.JarIndex.<init>(Ljava/io/InputStream;)V+6 java.base@10.0.2
j  jdk.internal.util.jar.JarIndex.getJarIndex(Ljava/util/jar/JarFile;)Ljdk/internal/util/jar/JarIndex;+22 java.base@10.0.2
j  jdk.internal.loader.URLClassPath$JarLoader$1.run()Ljava/lang/Void;+73 java.base@10.0.2
j  jdk.internal.loader.URLClassPath$JarLoader$1.run()Ljava/lang/Object;+1 java.base@10.0.2
v  ~StubRoutines::call_stub
V  [libjvm.so+0x83d38f]
V  [libjvm.so+0x88bd40]  JVM_DoPrivileged+0x640
j  java.security.AccessController.doPrivileged(Ljava/security/PrivilegedExceptionAction;Ljava/security/AccessControlContext;)Ljava/lang/Object;+0 java.base@10.0.2
j  jdk.internal.loader.URLClassPath$JarLoader.ensureOpen()V+19 java.base@10.0.2
j  jdk.internal.loader.URLClassPath$JarLoader.<init>(Ljava/net/URL;Ljava/net/URLStreamHandler;Ljava/util/HashMap;Ljava/security/AccessControlContext;)V+63 java.base@10.0.2
j  jdk.internal.loader.URLClassPath$3.run()Ljdk/internal/loader/URLClassPath$Loader;+168 java.base@10.0.2
j  jdk.internal.loader.URLClassPath$3.run()Ljava/lang/Object;+1 java.base@10.0.2
v  ~StubRoutines::call_stub
V  [libjvm.so+0x83d38f]
V  [libjvm.so+0x88bd40]  JVM_DoPrivileged+0x640
j  java.security.AccessController.doPrivileged(Ljava/security/PrivilegedExceptionAction;Ljava/security/AccessControlContext;)Ljava/lang/Object;+0 java.base@10.0.2
j  jdk.internal.loader.URLClassPath.getLoader(Ljava/net/URL;)Ljdk/internal/loader/URLClassPath$Loader;+13 java.base@10.0.2
j  jdk.internal.loader.URLClassPath.getLoader(I)Ljdk/internal/loader/URLClassPath$Loader;+87 java.base@10.0.2
j  jdk.internal.loader.URLClassPath.getResource(Ljava/lang/String;Z)Ljdk/internal/loader/Resource;+42 java.base@10.0.2
j  jdk.internal.loader.BuiltinClassLoader.findClassOnClassPathOrNull(Ljava/lang/String;)Ljava/lang/Class;+26 java.base@10.0.2
j  jdk.internal.loader.BuiltinClassLoader.loadClassOrNull(Ljava/lang/String;Z)Ljava/lang/Class;+111 java.base@10.0.2
j  jdk.internal.loader.BuiltinClassLoader.loadClass(Ljava/lang/String;Z)Ljava/lang/Class;+3 java.base@10.0.2
j  jdk.internal.loader.ClassLoaders$AppClassLoader.loadClass(Ljava/lang/String;Z)Ljava/lang/Class;+36 java.base@10.0.2
j  java.lang.ClassLoader.loadClass(Ljava/lang/String;)Ljava/lang/Class;+3 java.base@10.0.2
v  ~StubRoutines::call_stub
V  [libjvm.so+0x83d38f]
V  [libjvm.so+0x83bb2d]
V  [libjvm.so+0xc904ef]
V  [libjvm.so+0xc9103f]
V  [libjvm.so+0xc927d2]
V  [libjvm.so+0x8882e0]
V  [libjvm.so+0x88a008]  JVM_FindClassFromCaller+0x148
C  [libjava.so+0xdec8]  Java_java_lang_Class_forName0+0x178
j  java.lang.Class.forName0(Ljava/lang/String;ZLjava/lang/ClassLoader;Ljava/lang/Class;)Ljava/lang/Class;+0 java.base@10.0.2
j  java.lang.Class.forName(Ljava/lang/String;ZLjava/lang/ClassLoader;)Ljava/lang/Class;+43 java.base@10.0.2
j  sun.launcher.LauncherHelper.loadMainClass(ILjava/lang/String;)Ljava/lang/Class;+93 java.base@10.0.2
j  sun.launcher.LauncherHelper.checkAndLoadMain(ZILjava/lang/String;)Ljava/lang/Class;+18 java.base@10.0.2
v  ~StubRoutines::call_stub
V  [libjvm.so+0x83d38f]
V  [libjvm.so+0x85c3cd]
V  [libjvm.so+0x85ce4e]
C  [libjli.so+0x4323]
C  [libjli.so+0x89dd]
C  [libpthread.so.0+0x76db]  start_thread+0xdb

Java frames: (J=compiled Java code, j=interpreted, Vv=VM code)
j  java.io.InputStreamReader.<init>(Ljava/io/InputStream;Ljava/lang/String;)V+23 java.base@10.0.2
j  jdk.internal.util.jar.JarIndex.read(Ljava/io/InputStream;)V+11 java.base@10.0.2
j  jdk.internal.util.jar.JarIndex.<init>(Ljava/io/InputStream;)V+6 java.base@10.0.2
j  jdk.internal.util.jar.JarIndex.getJarIndex(Ljava/util/jar/JarFile;)Ljdk/internal/util/jar/JarIndex;+22 java.base@10.0.2
j  jdk.internal.loader.URLClassPath$JarLoader$1.run()Ljava/lang/Void;+73 java.base@10.0.2
j  jdk.internal.loader.URLClassPath$JarLoader$1.run()Ljava/lang/Object;+1 java.base@10.0.2
v  ~StubRoutines::call_stub
j  java.security.AccessController.doPrivileged(Ljava/security/PrivilegedExceptionAction;Ljava/security/AccessControlContext;)Ljava/lang/Object;+0 java.base@10.0.2
j  jdk.internal.loader.URLClassPath$JarLoader.ensureOpen()V+19 java.base@10.0.2
j  jdk.internal.loader.URLClassPath$JarLoader.<init>(Ljava/net/URL;Ljava/net/URLStreamHandler;Ljava/util/HashMap;Ljava/security/AccessControlContext;)V+63 java.base@10.0.2
j  jdk.internal.loader.URLClassPath$3.run()Ljdk/internal/loader/URLClassPath$Loader;+168 java.base@10.0.2
j  jdk.internal.loader.URLClassPath$3.run()Ljava/lang/Object;+1 java.base@10.0.2
v  ~StubRoutines::call_stub
j  java.security.AccessController.doPrivileged(Ljava/security/PrivilegedExceptionAction;Ljava/security/AccessControlContext;)Ljava/lang/Object;+0 java.base@10.0.2
j  jdk.internal.loader.URLClassPath.getLoader(Ljava/net/URL;)Ljdk/internal/loader/URLClassPath$Loader;+13 java.base@10.0.2
j  jdk.internal.loader.URLClassPath.getLoader(I)Ljdk/internal/loader/URLClassPath$Loader;+87 java.base@10.0.2
j  jdk.internal.loader.URLClassPath.getResource(Ljava/lang/String;Z)Ljdk/internal/loader/Resource;+42 java.base@10.0.2
j  jdk.internal.loader.BuiltinClassLoader.findClassOnClassPathOrNull(Ljava/lang/String;)Ljava/lang/Class;+26 java.base@10.0.2
j  jdk.internal.loader.BuiltinClassLoader.loadClassOrNull(Ljava/lang/String;Z)Ljava/lang/Class;+111 java.base@10.0.2
j  jdk.internal.loader.BuiltinClassLoader.loadClass(Ljava/lang/String;Z)Ljava/lang/Class;+3 java.base@10.0.2
j  jdk.internal.loader.ClassLoaders$AppClassLoader.loadClass(Ljava/lang/String;Z)Ljava/lang/Class;+36 java.base@10.0.2
j  java.lang.ClassLoader.loadClass(Ljava/lang/String;)Ljava/lang/Class;+3 java.base@10.0.2
v  ~StubRoutines::call_stub
j  java.lang.Class.forName0(Ljava/lang/String;ZLjava/lang/ClassLoader;Ljava/lang/Class;)Ljava/lang/Class;+0 java.base@10.0.2
j  java.lang.Class.forName(Ljava/lang/String;ZLjava/lang/ClassLoader;)Ljava/lang/Class;+43 java.base@10.0.2
j  sun.launcher.LauncherHelper.loadMainClass(ILjava/lang/String;)Ljava/lang/Class;+93 java.base@10.0.2
j  sun.launcher.LauncherHelper.checkAndLoadMain(ZILjava/lang/String;)Ljava/lang/Class;+18 java.base@10.0.2
v  ~StubRoutines::call_stub

---------------  P R O C E S S  ---------------

Threads class SMR info:
_java_thread_list=0x00007f6f201636a0, length=9, elements={
0x00007f6f20013800, 0x00007f6f2008d000, 0x00007f6f2008f000, 0x00007f6f20098000,
0x00007f6f200a2800, 0x00007f6f200a4800, 0x00007f6f200a6800, 0x00007f6f2014b800,
0x00007f6f20164000
}

Java Threads: ( => current thread )
=>0x00007f6f20013800 JavaThread "main" [_thread_in_vm, id=2176, stack(0x00007f6f26cb8000,0x00007f6f26db9000)]
  0x00007f6f2008d000 JavaThread "Reference Handler" daemon [_thread_blocked, id=2184, stack(0x00007f6f05eda000,0x00007f6f05fdb000)]
  0x00007f6f2008f000 JavaThread "Finalizer" daemon [_thread_blocked, id=2185, stack(0x00007f6f05dd9000,0x00007f6f05eda000)]
  0x00007f6f20098000 JavaThread "Signal Dispatcher" daemon [_thread_blocked, id=2187, stack(0x00007f6f059fa000,0x00007f6f05afb000)]
  0x00007f6f200a2800 JavaThread "C2 CompilerThread0" daemon [_thread_in_native, id=2189, stack(0x00007f6f058f9000,0x00007f6f059fa000)]
  0x00007f6f200a4800 JavaThread "C1 CompilerThread1" daemon [_thread_in_vm, id=2190, stack(0x00007f6f057f8000,0x00007f6f058f9000)]
  0x00007f6f200a6800 JavaThread "Sweeper thread" daemon [_thread_blocked, id=2191, stack(0x00007f6f056f7000,0x00007f6f057f8000)]
  0x00007f6f2014b800 JavaThread "Service Thread" daemon [_thread_blocked, id=2192, stack(0x00007f6f055f6000,0x00007f6f056f7000)]
  0x00007f6f20164000 JavaThread "Common-Cleaner" daemon [_thread_blocked, id=2194, stack(0x00007f6f053f3000,0x00007f6f054f4000)]

Other Threads:
  0x00007f6f20083000 VMThread "VM Thread" [stack: 0x00007f6f05fdd000,0x00007f6f060dd000] [id=2183]
  0x00007f6f2014d800 WatcherThread [stack: 0x00007f6f054f6000,0x00007f6f055f6000] [id=2193]

Threads with active compile tasks:
C2 CompilerThread0 136       4       java.util.zip.ZipUtils::CENHOW (9 bytes)
C1 CompilerThread1 140       3       java.lang.AbstractStringBuilder::newCapacity (55 bytes)

VM state:not at safepoint (normal execution)

VM Mutex/Monitor currently owned by a thread:  ([mutex/lock_event])
[0x00007f6f20010870] MethodData_lock - owner thread: 0x00007f6f200a4800

Heap address: 0x00000000f0800000, size: 248 MB, Compressed Oops mode: 32-bit
Narrow klass base: 0x0000000000000000, Narrow klass shift: 3
Compressed class space size: 1073741824 Address: 0x0000000100000000

Heap:
 def new generation   total 4928K, used 3800K [0x00000000f0800000, 0x00000000f0d50000, 0x00000000f5aa0000)
  eden space 4416K,  86% used [0x00000000f0800000, 0x00000000f0bb62d0, 0x00000000f0c50000)
  from space 512K,   0% used [0x00000000f0c50000, 0x00000000f0c50000, 0x00000000f0cd0000)
  to   space 512K,   0% used [0x00000000f0cd0000, 0x00000000f0cd0000, 0x00000000f0d50000)
 tenured generation   total 10944K, used 0K [0x00000000f5aa0000, 0x00000000f6550000, 0x0000000100000000)
   the space 10944K,   0% used [0x00000000f5aa0000, 0x00000000f5aa0000, 0x00000000f5aa0200, 0x00000000f6550000)
 Metaspace       used 4460K, capacity 4480K, committed 4480K, reserved 1056768K
  class space    used 366K, capacity 384K, committed 384K, reserved 1048576K

Card table byte_map: [0x00007f6f26c3b000,0x00007f6f26cb8000] byte_map_base: 0x00007f6f264b7000

Polling page: 0x00007f6f26dcf000

CodeHeap 'non-profiled nmethods': size=120036Kb used=31Kb max_used=31Kb free=120005Kb
 bounds [0x00007f6f0e560000, 0x00007f6f0e7d0000, 0x00007f6f15a99000]
CodeHeap 'profiled nmethods': size=120032Kb used=166Kb max_used=166Kb free=119865Kb
 bounds [0x00007f6f07028000, 0x00007f6f07298000, 0x00007f6f0e560000]
CodeHeap 'non-nmethods': size=5692Kb used=1004Kb max_used=1015Kb free=4688Kb
 bounds [0x00007f6f06a99000, 0x00007f6f06d09000, 0x00007f6f07028000]
 total_blobs=477 nmethods=129 adapters=195
 compilation: enabled

Compilation events (10 events):
Event: 9.054 Thread 0x00007f6f200a4800 nmethod 135 0x00007f6f0e566d10 code [0x00007f6f0e566ec0, 0x00007f6f0e566fb0]
Event: 9.069 Thread 0x00007f6f200a4800  137       3       java.io.File::isInvalid (47 bytes)
Event: 9.071 Thread 0x00007f6f200a4800 nmethod 137 0x00007f6f0704ff90 code [0x00007f6f07050180, 0x00007f6f07050678]
Event: 9.073 Thread 0x00007f6f200a4800  138       1       java.util.zip.Inflater$InflaterZStreamRef::address (5 bytes)
Event: 9.073 Thread 0x00007f6f200a4800 nmethod 138 0x00007f6f0e567090 code [0x00007f6f0e567240, 0x00007f6f0e567350]
Event: 9.073 Thread 0x00007f6f200a4800  139       3       java.io.UnixFileSystem::prefixLength (25 bytes)
Event: 9.443 Thread 0x00007f6f200a4800 nmethod 139 0x00007f6f07050810 code [0x00007f6f07050a40, 0x00007f6f07051158]
Event: 9.505 Thread 0x00007f6f200a4800  145       3       java.util.Arrays::copyOf (19 bytes)
Event: 9.555 Thread 0x00007f6f200a2800 nmethod 120% 0x00007f6f0e567390 code [0x00007f6f0e567520, 0x00007f6f0e567778]
Event: 9.609 Thread 0x00007f6f200a2800  125       4       java.util.zip.ZipFile$Source::addEntry (33 bytes)

GC Heap History (0 events):
No events

Deoptimization events (1 events):
Event: 5.407 Thread 0x00007f6f20013800 Uncommon trap: reason=unstable_if action=reinterpret pc=0x00007f6f0e564f4c method=java.lang.String.hashCode()I @ 14 c2

Classes redefined (0 events):
No events

Internal exceptions (0 events):
No events

Events (10 events):
Event: 7.911 loading class java/util/zip/ZipFile$InflaterCleanupAction done
Event: 9.165 Thread 0x00007f6f20013800 DEOPT PACKING pc=0x00007f6f07028299 sp=0x00007f6f26db36a0
Event: 9.167 Thread 0x00007f6f20013800 DEOPT UNPACKING pc=0x00007f6f06ac063a sp=0x00007f6f26db2b38 mode 0
Event: 9.528 loading class java/io/BufferedReader
Event: 9.541 loading class java/io/Reader
Event: 9.616 loading class java/io/Reader done
Event: 9.617 loading class java/io/BufferedReader done
Event: 9.637 loading class java/io/InputStreamReader
Event: 9.666 loading class java/io/InputStreamReader done
Event: 9.672 loading class sun/nio/cs/StreamDecoder


Dynamic libraries:
f0800000-f0d50000 rw-p 00000000 00:00 0 
f0d50000-f5aa0000 ---p 00000000 00:00 0 
f5aa0000-f6550000 rw-p 00000000 00:00 0 
f6550000-100000000 ---p 00000000 00:00 0 
100000000-100060000 rw-p 00000000 00:00 0 
100060000-140000000 ---p 00000000 00:00 0 
563c8a3b9000-563c8a3ba000 r-xp 00000000 08:01 802564                     /usr/lib/jvm/java-11-openjdk-amd64/bin/java
563c8a5ba000-563c8a5bb000 r--p 00001000 08:01 802564                     /usr/lib/jvm/java-11-openjdk-amd64/bin/java
563c8a5bb000-563c8a5bc000 rw-p 00002000 08:01 802564                     /usr/lib/jvm/java-11-openjdk-amd64/bin/java
563c8b0c8000-563c8b0e9000 rw-p 00000000 00:00 0                          [heap]
7f6ee8000000-7f6ee807f000 rw-p 00000000 00:00 0 
7f6ee807f000-7f6eec000000 ---p 00000000 00:00 0 
7f6eec000000-7f6eec021000 rw-p 00000000 00:00 0 
7f6eec021000-7f6ef0000000 ---p 00000000 00:00 0 
7f6ef0000000-7f6ef0021000 rw-p 00000000 00:00 0 
7f6ef0021000-7f6ef4000000 ---p 00000000 00:00 0 
7f6ef4000000-7f6ef4063000 rw-p 00000000 00:00 0 
7f6ef4063000-7f6ef8000000 ---p 00000000 00:00 0 
7f6ef8000000-7f6ef8021000 rw-p 00000000 00:00 0 
7f6ef8021000-7f6efc000000 ---p 00000000 00:00 0 
7f6efc000000-7f6efc021000 rw-p 00000000 00:00 0 
7f6efc021000-7f6f00000000 ---p 00000000 00:00 0 
7f6f00000000-7f6f00021000 rw-p 00000000 00:00 0 
7f6f00021000-7f6f04000000 ---p 00000000 00:00 0 
7f6f04f98000-7f6f04fc9000 rw-p 00000000 00:00 0 
7f6f04fc9000-7f6f04fe0000 r-xp 00000000 08:01 938213                     /usr/lib/jvm/java-11-openjdk-amd64/lib/libnet.so
7f6f04fe0000-7f6f051df000 ---p 00017000 08:01 938213                     /usr/lib/jvm/java-11-openjdk-amd64/lib/libnet.so
7f6f051df000-7f6f051e0000 r--p 00016000 08:01 938213                     /usr/lib/jvm/java-11-openjdk-amd64/lib/libnet.so
7f6f051e0000-7f6f051e1000 rw-p 00017000 08:01 938213                     /usr/lib/jvm/java-11-openjdk-amd64/lib/libnet.so
7f6f051e1000-7f6f051f2000 r-xp 00000000 08:01 938214                     /usr/lib/jvm/java-11-openjdk-amd64/lib/libnio.so
7f6f051f2000-7f6f053f1000 ---p 00011000 08:01 938214                     /usr/lib/jvm/java-11-openjdk-amd64/lib/libnio.so
7f6f053f1000-7f6f053f2000 r--p 00010000 08:01 938214                     /usr/lib/jvm/java-11-openjdk-amd64/lib/libnio.so
7f6f053f2000-7f6f053f3000 rw-p 00011000 08:01 938214                     /usr/lib/jvm/java-11-openjdk-amd64/lib/libnio.so
7f6f053f3000-7f6f053f7000 ---p 00000000 00:00 0 
7f6f053f7000-7f6f054f4000 rw-p 00000000 00:00 0 
7f6f054f4000-7f6f054f5000 ---p 00000000 00:00 0 
7f6f054f5000-7f6f055f6000 rw-p 00000000 00:00 0 
7f6f055f6000-7f6f055fa000 ---p 00000000 00:00 0 
7f6f055fa000-7f6f056f7000 rw-p 00000000 00:00 0 
7f6f056f7000-7f6f056fb000 ---p 00000000 00:00 0 
7f6f056fb000-7f6f057f8000 rw-p 00000000 00:00 0 
7f6f057f8000-7f6f057fc000 ---p 00000000 00:00 0 
7f6f057fc000-7f6f058f9000 rw-p 00000000 00:00 0 
7f6f058f9000-7f6f058fd000 ---p 00000000 00:00 0 
7f6f058fd000-7f6f059fa000 rw-p 00000000 00:00 0 
7f6f059fa000-7f6f059fe000 ---p 00000000 00:00 0 
7f6f059fe000-7f6f05afb000 rw-p 00000000 00:00 0 
7f6f05afb000-7f6f05dd9000 r--p 00000000 08:01 655383                     /usr/lib/locale/locale-archive
7f6f05dd9000-7f6f05ddd000 ---p 00000000 00:00 0 
7f6f05ddd000-7f6f05eda000 rw-p 00000000 00:00 0 
7f6f05eda000-7f6f05ede000 ---p 00000000 00:00 0 
7f6f05ede000-7f6f05fdb000 rw-p 00000000 00:00 0 
7f6f05fdb000-7f6f05fdc000 ---p 00000000 00:00 0 
7f6f05fdc000-7f6f065ae000 rw-p 00000000 00:00 0 
7f6f065ee000-7f6f069ae000 ---p 00000000 00:00 0 
7f6f069ae000-7f6f069b3000 rw-p 00000000 00:00 0 
7f6f069b3000-7f6f06a99000 ---p 00000000 00:00 0 
7f6f06a99000-7f6f06d09000 rwxp 00000000 00:00 0 
7f6f06d09000-7f6f07028000 ---p 00000000 00:00 0 
7f6f07028000-7f6f07298000 rwxp 00000000 00:00 0 
7f6f07298000-7f6f0e560000 ---p 00000000 00:00 0 
7f6f0e560000-7f6f0e7d0000 rwxp 00000000 00:00 0 
7f6f0e7d0000-7f6f15a99000 ---p 00000000 00:00 0 
7f6f15a99000-7f6f1ef73000 r--s 00000000 08:01 938223                     /usr/lib/jvm/java-11-openjdk-amd64/lib/modules
7f6f1ef73000-7f6f1ef78000 r-xp 00000000 08:01 938205                     /usr/lib/jvm/java-11-openjdk-amd64/lib/libjimage.so
7f6f1ef78000-7f6f1f177000 ---p 00005000 08:01 938205                     /usr/lib/jvm/java-11-openjdk-amd64/lib/libjimage.so
7f6f1f177000-7f6f1f178000 r--p 00004000 08:01 938205                     /usr/lib/jvm/java-11-openjdk-amd64/lib/libjimage.so
7f6f1f178000-7f6f1f179000 rw-p 00005000 08:01 938205                     /usr/lib/jvm/java-11-openjdk-amd64/lib/libjimage.so
7f6f1f179000-7f6f1f180000 r-xp 00000000 08:01 938222                     /usr/lib/jvm/java-11-openjdk-amd64/lib/libzip.so
7f6f1f180000-7f6f1f37f000 ---p 00007000 08:01 938222                     /usr/lib/jvm/java-11-openjdk-amd64/lib/libzip.so
7f6f1f37f000-7f6f1f380000 r--p 00006000 08:01 938222                     /usr/lib/jvm/java-11-openjdk-amd64/lib/libzip.so
7f6f1f380000-7f6f1f381000 rw-p 00007000 08:01 938222                     /usr/lib/jvm/java-11-openjdk-amd64/lib/libzip.so
7f6f1f381000-7f6f1f38c000 r-xp 00000000 08:01 1441826                    /lib/x86_64-linux-gnu/libnss_files-2.27.so
7f6f1f38c000-7f6f1f58b000 ---p 0000b000 08:01 1441826                    /lib/x86_64-linux-gnu/libnss_files-2.27.so
7f6f1f58b000-7f6f1f58c000 r--p 0000a000 08:01 1441826                    /lib/x86_64-linux-gnu/libnss_files-2.27.so
7f6f1f58c000-7f6f1f58d000 rw-p 0000b000 08:01 1441826                    /lib/x86_64-linux-gnu/libnss_files-2.27.so
7f6f1f58d000-7f6f1f593000 rw-p 00000000 00:00 0 
7f6f1f593000-7f6f1f5aa000 r-xp 00000000 08:01 1441823                    /lib/x86_64-linux-gnu/libnsl-2.27.so
7f6f1f5aa000-7f6f1f7a9000 ---p 00017000 08:01 1441823                    /lib/x86_64-linux-gnu/libnsl-2.27.so
7f6f1f7a9000-7f6f1f7aa000 r--p 00016000 08:01 1441823                    /lib/x86_64-linux-gnu/libnsl-2.27.so
7f6f1f7aa000-7f6f1f7ab000 rw-p 00017000 08:01 1441823                    /lib/x86_64-linux-gnu/libnsl-2.27.so
7f6f1f7ab000-7f6f1f7ad000 rw-p 00000000 00:00 0 
7f6f1f7ad000-7f6f1f7b8000 r-xp 00000000 08:01 1441828                    /lib/x86_64-linux-gnu/libnss_nis-2.27.so
7f6f1f7b8000-7f6f1f9b7000 ---p 0000b000 08:01 1441828                    /lib/x86_64-linux-gnu/libnss_nis-2.27.so
7f6f1f9b7000-7f6f1f9b8000 r--p 0000a000 08:01 1441828                    /lib/x86_64-linux-gnu/libnss_nis-2.27.so
7f6f1f9b8000-7f6f1f9b9000 rw-p 0000b000 08:01 1441828                    /lib/x86_64-linux-gnu/libnss_nis-2.27.so
7f6f1f9b9000-7f6f1f9c1000 r-xp 00000000 08:01 1441824                    /lib/x86_64-linux-gnu/libnss_compat-2.27.so
7f6f1f9c1000-7f6f1fbc1000 ---p 00008000 08:01 1441824                    /lib/x86_64-linux-gnu/libnss_compat-2.27.so
7f6f1fbc1000-7f6f1fbc2000 r--p 00008000 08:01 1441824                    /lib/x86_64-linux-gnu/libnss_compat-2.27.so
7f6f1fbc2000-7f6f1fbc3000 rw-p 00009000 08:01 1441824                    /lib/x86_64-linux-gnu/libnss_compat-2.27.so
7f6f1fbc3000-7f6f1fbef000 r-xp 00000000 08:01 938201                     /usr/lib/jvm/java-11-openjdk-amd64/lib/libjava.so
7f6f1fbef000-7f6f1fdee000 ---p 0002c000 08:01 938201                     /usr/lib/jvm/java-11-openjdk-amd64/lib/libjava.so
7f6f1fdee000-7f6f1fdef000 r--p 0002b000 08:01 938201                     /usr/lib/jvm/java-11-openjdk-amd64/lib/libjava.so
7f6f1fdef000-7f6f1fdf1000 rw-p 0002c000 08:01 938201                     /usr/lib/jvm/java-11-openjdk-amd64/lib/libjava.so
7f6f1fdf1000-7f6f1fdfe000 r-xp 00000000 08:01 938221                     /usr/lib/jvm/java-11-openjdk-amd64/lib/libverify.so
7f6f1fdfe000-7f6f1fffd000 ---p 0000d000 08:01 938221                     /usr/lib/jvm/java-11-openjdk-amd64/lib/libverify.so
7f6f1fffd000-7f6f1ffff000 r--p 0000c000 08:01 938221                     /usr/lib/jvm/java-11-openjdk-amd64/lib/libverify.so
7f6f1ffff000-7f6f20000000 rw-p 0000e000 08:01 938221                     /usr/lib/jvm/java-11-openjdk-amd64/lib/libverify.so
7f6f20000000-7f6f20392000 rw-p 00000000 00:00 0 
7f6f20392000-7f6f24000000 ---p 00000000 00:00 0 
7f6f2402a000-7f6f24057000 rw-p 00000000 00:00 0 
7f6f24057000-7f6f2413d000 ---p 00000000 00:00 0 
7f6f2413d000-7f6f24144000 r-xp 00000000 08:01 1441833                    /lib/x86_64-linux-gnu/librt-2.27.so
7f6f24144000-7f6f24343000 ---p 00007000 08:01 1441833                    /lib/x86_64-linux-gnu/librt-2.27.so
7f6f24343000-7f6f24344000 r--p 00006000 08:01 1441833                    /lib/x86_64-linux-gnu/librt-2.27.so
7f6f24344000-7f6f24345000 rw-p 00007000 08:01 1441833                    /lib/x86_64-linux-gnu/librt-2.27.so
7f6f24345000-7f6f2435c000 r-xp 00000000 08:01 1441855                    /lib/x86_64-linux-gnu/libgcc_s.so.1
7f6f2435c000-7f6f2455b000 ---p 00017000 08:01 1441855                    /lib/x86_64-linux-gnu/libgcc_s.so.1
7f6f2455b000-7f6f2455c000 r--p 00016000 08:01 1441855                    /lib/x86_64-linux-gnu/libgcc_s.so.1
7f6f2455c000-7f6f2455d000 rw-p 00017000 08:01 1441855                    /lib/x86_64-linux-gnu/libgcc_s.so.1
7f6f2455d000-7f6f246fa000 r-xp 00000000 08:01 1441820                    /lib/x86_64-linux-gnu/libm-2.27.so
7f6f246fa000-7f6f248f9000 ---p 0019d000 08:01 1441820                    /lib/x86_64-linux-gnu/libm-2.27.so
7f6f248f9000-7f6f248fa000 r--p 0019c000 08:01 1441820                    /lib/x86_64-linux-gnu/libm-2.27.so
7f6f248fa000-7f6f248fb000 rw-p 0019d000 08:01 1441820                    /lib/x86_64-linux-gnu/libm-2.27.so
7f6f248fb000-7f6f24a79000 r-xp 00000000 08:01 661036                     /usr/lib/x86_64-linux-gnu/libstdc++.so.6.0.25
7f6f24a79000-7f6f24c79000 ---p 0017e000 08:01 661036                     /usr/lib/x86_64-linux-gnu/libstdc++.so.6.0.25
7f6f24c79000-7f6f24c83000 r--p 0017e000 08:01 661036                     /usr/lib/x86_64-linux-gnu/libstdc++.so.6.0.25
7f6f24c83000-7f6f24c85000 rw-p 00188000 08:01 661036                     /usr/lib/x86_64-linux-gnu/libstdc++.so.6.0.25
7f6f24c85000-7f6f24c89000 rw-p 00000000 00:00 0 
7f6f24c89000-7f6f25c26000 r-xp 00000000 08:01 938228                     /usr/lib/jvm/java-11-openjdk-amd64/lib/server/libjvm.so
7f6f25c26000-7f6f25e26000 ---p 00f9d000 08:01 938228                     /usr/lib/jvm/java-11-openjdk-amd64/lib/server/libjvm.so
7f6f25e26000-7f6f25eea000 r--p 00f9d000 08:01 938228                     /usr/lib/jvm/java-11-openjdk-amd64/lib/server/libjvm.so
7f6f25eea000-7f6f25f22000 rw-p 01061000 08:01 938228                     /usr/lib/jvm/java-11-openjdk-amd64/lib/server/libjvm.so
7f6f25f22000-7f6f25f6b000 rw-p 00000000 00:00 0 
7f6f25f6b000-7f6f25f85000 r-xp 00000000 08:01 1441831                    /lib/x86_64-linux-gnu/libpthread-2.27.so
7f6f25f85000-7f6f26184000 ---p 0001a000 08:01 1441831                    /lib/x86_64-linux-gnu/libpthread-2.27.so
7f6f26184000-7f6f26185000 r--p 00019000 08:01 1441831                    /lib/x86_64-linux-gnu/libpthread-2.27.so
7f6f26185000-7f6f26186000 rw-p 0001a000 08:01 1441831                    /lib/x86_64-linux-gnu/libpthread-2.27.so
7f6f26186000-7f6f2618a000 rw-p 00000000 00:00 0 
7f6f2618a000-7f6f2618d000 r-xp 00000000 08:01 1441819                    /lib/x86_64-linux-gnu/libdl-2.27.so
7f6f2618d000-7f6f2638c000 ---p 00003000 08:01 1441819                    /lib/x86_64-linux-gnu/libdl-2.27.so
7f6f2638c000-7f6f2638d000 r--p 00002000 08:01 1441819                    /lib/x86_64-linux-gnu/libdl-2.27.so
7f6f2638d000-7f6f2638e000 rw-p 00003000 08:01 1441819                    /lib/x86_64-linux-gnu/libdl-2.27.so
7f6f2638e000-7f6f263aa000 r-xp 00000000 08:01 1441959                    /lib/x86_64-linux-gnu/libz.so.1.2.11
7f6f263aa000-7f6f265a9000 ---p 0001c000 08:01 1441959                    /lib/x86_64-linux-gnu/libz.so.1.2.11
7f6f265a9000-7f6f265aa000 r--p 0001b000 08:01 1441959                    /lib/x86_64-linux-gnu/libz.so.1.2.11
7f6f265aa000-7f6f265ab000 rw-p 0001c000 08:01 1441959                    /lib/x86_64-linux-gnu/libz.so.1.2.11
7f6f265ab000-7f6f26792000 r-xp 00000000 08:01 1441816                    /lib/x86_64-linux-gnu/libc-2.27.so
7f6f26792000-7f6f26992000 ---p 001e7000 08:01 1441816                    /lib/x86_64-linux-gnu/libc-2.27.so
7f6f26992000-7f6f26996000 r--p 001e7000 08:01 1441816                    /lib/x86_64-linux-gnu/libc-2.27.so
7f6f26996000-7f6f26998000 rw-p 001eb000 08:01 1441816                    /lib/x86_64-linux-gnu/libc-2.27.so
7f6f26998000-7f6f2699c000 rw-p 00000000 00:00 0 
7f6f2699c000-7f6f269ab000 r-xp 00000000 08:01 933022                     /usr/lib/jvm/java-11-openjdk-amd64/lib/jli/libjli.so
7f6f269ab000-7f6f26baa000 ---p 0000f000 08:01 933022                     /usr/lib/jvm/java-11-openjdk-amd64/lib/jli/libjli.so
7f6f26baa000-7f6f26bab000 r--p 0000e000 08:01 933022                     /usr/lib/jvm/java-11-openjdk-amd64/lib/jli/libjli.so
7f6f26bab000-7f6f26bac000 rw-p 0000f000 08:01 933022                     /usr/lib/jvm/java-11-openjdk-amd64/lib/jli/libjli.so
7f6f26bac000-7f6f26bd3000 r-xp 00000000 08:01 1441807                    /lib/x86_64-linux-gnu/ld-2.27.so
7f6f26be8000-7f6f26bee000 rw-p 00000000 00:00 0 
7f6f26bee000-7f6f26c3b000 ---p 00000000 00:00 0 
7f6f26c3b000-7f6f26c3e000 rw-p 00000000 00:00 0 
7f6f26c3e000-7f6f26c64000 ---p 00000000 00:00 0 
7f6f26c64000-7f6f26c6a000 rw-p 00000000 00:00 0 
7f6f26c6a000-7f6f26cb7000 ---p 00000000 00:00 0 
7f6f26cb7000-7f6f26cb8000 rw-p 00000000 00:00 0 
7f6f26cb8000-7f6f26cbc000 ---p 00000000 00:00 0 
7f6f26cbc000-7f6f26dc0000 rw-p 00000000 00:00 0 
7f6f26dc0000-7f6f26dc7000 ---p 00000000 00:00 0 
7f6f26dc7000-7f6f26dcf000 rw-s 00000000 08:01 408451                     /tmp/hsperfdata_ariel/2175
7f6f26dcf000-7f6f26dd0000 ---p 00000000 00:00 0 
7f6f26dd0000-7f6f26dd1000 r--p 00000000 00:00 0 
7f6f26dd1000-7f6f26dd3000 rw-p 00000000 00:00 0 
7f6f26dd3000-7f6f26dd4000 r--p 00027000 08:01 1441807                    /lib/x86_64-linux-gnu/ld-2.27.so
7f6f26dd4000-7f6f26dd5000 rw-p 00028000 08:01 1441807                    /lib/x86_64-linux-gnu/ld-2.27.so
7f6f26dd5000-7f6f26dd6000 rw-p 00000000 00:00 0 
7fff9f035000-7fff9f058000 rw-p 00000000 00:00 0                          [stack]
7fff9f143000-7fff9f146000 r--p 00000000 00:00 0                          [vvar]
7fff9f146000-7fff9f148000 r-xp 00000000 00:00 0                          [vdso]
ffffffffff600000-ffffffffff601000 r-xp 00000000 00:00 0                  [vsyscall]


VM Arguments:
jvm_args: -ea -Dfile.encoding=UTF-8 
java_command: org.eclipse.jdt.internal.junit.runner.RemoteTestRunner -version 3 -port 44139 -testLoaderClass org.eclipse.jdt.internal.junit4.runner.JUnit4TestLoader -loaderpluginname org.eclipse.jdt.junit4.runtime -classNames ar.edu.uca.template.TestRepositories
java_class_path (initial): /home/ariel/Universidad/UCA/BaseDeDatosII/CodigoFuente/project-orm-oltp-template/target/test-classes:/home/ariel/Universidad/UCA/BaseDeDatosII/CodigoFuente/project-orm-oltp-template/target/classes:/home/ariel/.m2/repository/javax/interceptor/javax.interceptor-api/1.2/javax.interceptor-api-1.2.jar:/home/ariel/.m2/repository/junit/junit/4.12/junit-4.12.jar:/home/ariel/.m2/repository/org/hamcrest/hamcrest-core/1.3/hamcrest-core-1.3.jar:/home/ariel/.m2/repository/org/springframework/spring-test/4.3.2.RELEASE/spring-test-4.3.2.RELEASE.jar:/home/ariel/.m2/repository/org/springframework/spring-context/4.3.2.RELEASE/spring-context-4.3.2.RELEASE.jar:/home/ariel/.m2/repository/org/springframework/spring-aop/4.3.2.RELEASE/spring-aop-4.3.2.RELEASE.jar:/home/ariel/.m2/repository/org/springframework/spring-beans/4.3.2.RELEASE/spring-beans-4.3.2.RELEASE.jar:/home/ariel/.m2/repository/org/springframework/spring-expression/4.3.2.RELEASE/spring-expression-4.3.2.RELEASE.jar:/home/ariel/.m2/repository/org/springframework/boot/spring-boot-starter-web/1.4.0.RELEASE/spring-boot-starter-web-1.4.0.RELEASE.jar:/home/ariel/.m2/repository/org/springframework/boot/spring-boot-starter/1.4.0.RELEASE/spring-boot-starter-1.4.0.RELEASE.jar:/home/ariel/.m2/repository/org/springframework/boot/spring-boot/1.4.0.RELEASE/spring-boot-1.4.0.RELEASE.jar:/home/ariel/.m2/repository/org/springframework/boot/spring-boot-autoconfigure/1.4.0.RELEASE/spring-boot-autoconfigure-1.4.0.RELEASE.jar:/home/ariel/.m2/repository/org/yaml/snakeyaml/1.17/snakeyaml-1.17.jar:/home/ariel/.m2/repository/org/hibernate/hibernate-validator/5.2.4.Final/hibernate-validator-5.2.4.Final.jar:/home/ariel/.m2/repository/javax/validation/validation-api/1.1.0.Final/validation-api-1.1.0.Final.jar:/home/ariel/.m2/repository/com/fasterxml/classmate/1.3.1/classmate-1.3.1.jar:/home/ariel/.m2/repository/com/fasterxml/jackson/core/jackson-databind/2.8.1/jackson-databind-2.8.1.jar:/home/ariel/.m2/repository/org/springfr
Launcher Type: SUN_STANDARD

Logging:
Log output configuration:
#0: stdout all=warning uptime,level,tags
#1: stderr all=off uptime,level,tags

Environment Variables:
PATH=/usr/local/sbin:/usr/local/bin:/usr/sbin:/usr/bin:/sbin:/bin:/usr/games:/usr/local/games:/snap/bin
SHELL=/bin/bash
DISPLAY=:0.0

Signal Handlers:
SIGSEGV: [libjvm.so+0xd28ad0], sa_mask[0]=11111111011111111101111111111110, sa_flags=SA_RESTART|SA_SIGINFO
SIGBUS: [libjvm.so+0xd28ad0], sa_mask[0]=11111111011111111101111111111110, sa_flags=SA_RESTART|SA_SIGINFO
SIGFPE: [libjvm.so+0xd28ad0], sa_mask[0]=11111111011111111101111111111110, sa_flags=SA_RESTART|SA_SIGINFO
SIGPIPE: [libjvm.so+0xb2a150], sa_mask[0]=11111111011111111101111111111110, sa_flags=SA_RESTART|SA_SIGINFO
SIGXFSZ: [libjvm.so+0xb2a150], sa_mask[0]=11111111011111111101111111111110, sa_flags=SA_RESTART|SA_SIGINFO
SIGILL: [libjvm.so+0xd28ad0], sa_mask[0]=11111111011111111101111111111110, sa_flags=SA_RESTART|SA_SIGINFO
SIGUSR2: [libjvm.so+0xb29f90], sa_mask[0]=00100000000000000000000000000000, sa_flags=SA_RESTART|SA_SIGINFO
SIGHUP: [libjvm.so+0xb2a0e0], sa_mask[0]=11111111011111111101111111111110, sa_flags=SA_RESTART|SA_SIGINFO
SIGINT: [libjvm.so+0xb2a0e0], sa_mask[0]=11111111011111111101111111111110, sa_flags=SA_RESTART|SA_SIGINFO
SIGTERM: [libjvm.so+0xb2a0e0], sa_mask[0]=11111111011111111101111111111110, sa_flags=SA_RESTART|SA_SIGINFO
SIGQUIT: [libjvm.so+0xb2a0e0], sa_mask[0]=11111111011111111101111111111110, sa_flags=SA_RESTART|SA_SIGINFO


---------------  S Y S T E M  ---------------

OS:DISTRIB_ID=Ubuntu
DISTRIB_RELEASE=18.04
DISTRIB_CODENAME=bionic
DISTRIB_DESCRIPTION="Ubuntu 18.04.1 LTS"
uname:Linux 4.15.0-23-generic #25-Ubuntu SMP Wed May 23 18:02:16 UTC 2018 x86_64
libc:glibc 2.27 NPTL 2.27 
rlimit: STACK 8192k, CORE 0k, NPROC 3828, NOFILE 1048576, AS infinity, DATA infinity, FSIZE infinity
load average:3.58 1.38 0.69

/proc/meminfo:
MemTotal:        1009124 kB
MemFree:           53536 kB
MemAvailable:          0 kB
Buffers:             204 kB
Cached:             5660 kB
SwapCached:          384 kB
Active:           420800 kB
Inactive:         423104 kB
Active(anon):     419172 kB
Inactive(anon):   419152 kB
Active(file):       1628 kB
Inactive(file):     3952 kB
Unevictable:          64 kB
Mlocked:              64 kB
SwapTotal:       1267656 kB
SwapFree:              0 kB
Dirty:                16 kB
Writeback:            88 kB
AnonPages:        837880 kB
Mapped:             4584 kB
Shmem:               148 kB
Slab:              46996 kB
SReclaimable:      19444 kB
SUnreclaim:        27552 kB
KernelStack:        8736 kB
PageTables:        39864 kB
NFS_Unstable:          0 kB
Bounce:                0 kB
WritebackTmp:          0 kB
CommitLimit:     1772216 kB
Committed_AS:    6215004 kB
VmallocTotal:   34359738367 kB
VmallocUsed:           0 kB
VmallocChunk:          0 kB
HardwareCorrupted:     0 kB
AnonHugePages:         0 kB
ShmemHugePages:        0 kB
ShmemPmdMapped:        0 kB
CmaTotal:              0 kB
CmaFree:               0 kB
HugePages_Total:       0
HugePages_Free:        0
HugePages_Rsvd:        0
HugePages_Surp:        0
Hugepagesize:       2048 kB
DirectMap4k:       94144 kB
DirectMap2M:      954368 kB

container (cgroup) information:
container_type: cgroupv1
cpu_cpuset_cpus: 0
cpu_memory_nodes: 0
active_processor_count: 1
cpu_quota: -1
cpu_period: 100000
cpu_shares: -1
memory_limit_in_bytes: -1
memory_and_swap_limit_in_bytes: -2
memory_soft_limit_in_bytes: -1
memory_usage_in_bytes: 868528128
memory_max_usage_in_bytes: 0


CPU:total 1 (initial active 1) (1 cores per cpu, 1 threads per core) family 6 model 142 stepping 9, cmov, cx8, fxsr, mmx, sse, sse2, sse3, ssse3, sse4.1, sse4.2, popcnt, avx, avx2, aes, clmul, 3dnowpref, lzcnt, tsc, tscinvbit
CPU Model and flags from /proc/cpuinfo:
model name	: Intel(R) Core(TM) i7-7500U CPU @ 2.70GHz
flags		: fpu vme de pse tsc msr pae mce cx8 apic sep mtrr pge mca cmov pat pse36 clflush mmx fxsr sse sse2 syscall nx rdtscp lm constant_tsc rep_good nopl xtopology nonstop_tsc cpuid pni pclmulqdq monitor ssse3 cx16 pcid sse4_1 sse4_2 x2apic movbe popcnt aes xsave avx rdrand hypervisor lahf_lm abm 3dnowprefetch invpcid_single pti fsgsbase avx2 invpcid rdseed clflushopt

Memory: 4k page, physical 1009124k(48920k free), swap 1267656k(0k free)

vm_info: OpenJDK 64-Bit Server VM (10.0.2+13-Ubuntu-1ubuntu0.18.04.1) for linux-amd64 JRE (10.0.2+13-Ubuntu-1ubuntu0.18.04.1), built on Aug  3 2018 01:53:46 by "buildd" with gcc 7.3.0

END.
